{
  "stats": {
    "suites": 5,
    "tests": 12,
    "passes": 12,
    "pending": 0,
    "failures": 0,
    "start": "2025-11-28T20:49:26.103Z",
    "end": "2025-11-28T20:49:26.107Z",
    "duration": 4,
    "testsRegistered": 12,
    "passPercent": 100,
    "pendingPercent": 0,
    "other": 0,
    "hasOther": false,
    "skipped": 0,
    "hasSkipped": false
  },
  "results": [
    {
      "uuid": "d66bd67f-8959-4cf9-b0f6-0ec4425663e1",
      "title": "",
      "fullFile": "/Users/daniel_molina/Downloads/JS/playground/test/numbers_validator/isNumberEven.spec.js",
      "file": "/test/numbers_validator/isNumberEven.spec.js",
      "beforeHooks": [],
      "afterHooks": [],
      "tests": [],
      "suites": [
        {
          "uuid": "9a36568d-8caa-46b3-b66d-0e5120435e4b",
          "title": "NumbersValidator",
          "fullFile": "/Users/daniel_molina/Downloads/JS/playground/test/numbers_validator/isNumberEven.spec.js",
          "file": "/test/numbers_validator/isNumberEven.spec.js",
          "beforeHooks": [
            {
              "title": "\"before each\" hook in \"NumbersValidator\"",
              "fullTitle": "NumbersValidator \"before each\" hook in \"NumbersValidator\"",
              "timedOut": false,
              "duration": 0,
              "state": null,
              "speed": null,
              "pass": false,
              "fail": false,
              "pending": false,
              "context": null,
              "code": "validator = new NumbersValidator();",
              "err": {},
              "uuid": "a68d4975-aca6-4a94-bac8-230ec1897a86",
              "parentUUID": "9a36568d-8caa-46b3-b66d-0e5120435e4b",
              "isHook": true,
              "skipped": false
            }
          ],
          "afterHooks": [
            {
              "title": "\"after each\" hook in \"NumbersValidator\"",
              "fullTitle": "NumbersValidator \"after each\" hook in \"NumbersValidator\"",
              "timedOut": false,
              "duration": 0,
              "state": null,
              "speed": null,
              "pass": false,
              "fail": false,
              "pending": false,
              "context": null,
              "code": "validator = null;",
              "err": {},
              "uuid": "4ca58422-a791-4539-a7fa-50ffb35c07ff",
              "parentUUID": "9a36568d-8caa-46b3-b66d-0e5120435e4b",
              "isHook": true,
              "skipped": false
            }
          ],
          "tests": [],
          "suites": [
            {
              "uuid": "01fa836b-ee27-49cf-b4a4-be597eb05729",
              "title": "isNumberEven",
              "fullFile": "/Users/daniel_molina/Downloads/JS/playground/test/numbers_validator/isNumberEven.spec.js",
              "file": "/test/numbers_validator/isNumberEven.spec.js",
              "beforeHooks": [],
              "afterHooks": [],
              "tests": [
                {
                  "title": "should return true if number is even",
                  "fullTitle": "NumbersValidator isNumberEven should return true if number is even",
                  "timedOut": false,
                  "duration": 0,
                  "state": "passed",
                  "speed": "fast",
                  "pass": true,
                  "fail": false,
                  "pending": false,
                  "context": null,
                  "code": "expect(validator.isNumberEven(4)).to.be.equal(true);",
                  "err": {},
                  "uuid": "ada2b884-12f1-4a69-9f2c-5a21439598eb",
                  "parentUUID": "01fa836b-ee27-49cf-b4a4-be597eb05729",
                  "isHook": false,
                  "skipped": false
                },
                {
                  "title": "should return false if number is odd",
                  "fullTitle": "NumbersValidator isNumberEven should return false if number is odd",
                  "timedOut": false,
                  "duration": 0,
                  "state": "passed",
                  "speed": "fast",
                  "pass": true,
                  "fail": false,
                  "pending": false,
                  "context": null,
                  "code": "expect(validator.isNumberEven(5)).to.be.equal(false);",
                  "err": {},
                  "uuid": "99f6c0a2-7daf-42d3-8be1-344f234ae010",
                  "parentUUID": "01fa836b-ee27-49cf-b4a4-be597eb05729",
                  "isHook": false,
                  "skipped": false
                },
                {
                  "title": "should throw an error if number is not a number",
                  "fullTitle": "NumbersValidator isNumberEven should throw an error if number is not a number",
                  "timedOut": false,
                  "duration": 1,
                  "state": "passed",
                  "speed": "fast",
                  "pass": true,
                  "fail": false,
                  "pending": false,
                  "context": null,
                  "code": "expect(() => validator.isNumberEven('A')).to.throw('[A] is not of type \"Number\" it is of type \"string\"');",
                  "err": {},
                  "uuid": "028cfe36-0642-4f2a-9a7c-c8b64465271e",
                  "parentUUID": "01fa836b-ee27-49cf-b4a4-be597eb05729",
                  "isHook": false,
                  "skipped": false
                }
              ],
              "suites": [],
              "passes": [
                "ada2b884-12f1-4a69-9f2c-5a21439598eb",
                "99f6c0a2-7daf-42d3-8be1-344f234ae010",
                "028cfe36-0642-4f2a-9a7c-c8b64465271e"
              ],
              "failures": [],
              "pending": [],
              "skipped": [],
              "duration": 1,
              "root": false,
              "rootEmpty": false,
              "_timeout": 2000
            },
            {
              "uuid": "1b56e9f2-3d68-43d9-8d7b-24c106919d66",
              "title": "getEvenNumbersFromArray",
              "fullFile": "/Users/daniel_molina/Downloads/JS/playground/test/numbers_validator/isNumberEven.spec.js",
              "file": "/test/numbers_validator/isNumberEven.spec.js",
              "beforeHooks": [],
              "afterHooks": [],
              "tests": [
                {
                  "title": "should return an array of even numbers",
                  "fullTitle": "NumbersValidator getEvenNumbersFromArray should return an array of even numbers",
                  "timedOut": false,
                  "duration": 0,
                  "state": "passed",
                  "speed": "fast",
                  "pass": true,
                  "fail": false,
                  "pending": false,
                  "context": null,
                  "code": "const array = validator.getEvenNumbersFromArray([1, 2, 3, 4, 5, 6, 7, 8, 9, 10]);\nexpect(array).to.be.deep.equal([2, 4, 6, 8, 10]);",
                  "err": {},
                  "uuid": "851dc0a3-a2c2-4326-ba82-31a2d9140fa7",
                  "parentUUID": "1b56e9f2-3d68-43d9-8d7b-24c106919d66",
                  "isHook": false,
                  "skipped": false
                },
                {
                  "title": "should throw an error if array contains invalid types",
                  "fullTitle": "NumbersValidator getEvenNumbersFromArray should throw an error if array contains invalid types",
                  "timedOut": false,
                  "duration": 0,
                  "state": "passed",
                  "speed": "fast",
                  "pass": true,
                  "fail": false,
                  "pending": false,
                  "context": null,
                  "code": "const array = ['a', 2, 3, 4, 5, 6, 7, 8, 9, 10];\nexpect(() => validator.getEvenNumbersFromArray(array)).to.throw(`[${array}] is not an array of \"Numbers\"`);",
                  "err": {},
                  "uuid": "268bfb6d-2555-47c4-98ef-531a81a29a55",
                  "parentUUID": "1b56e9f2-3d68-43d9-8d7b-24c106919d66",
                  "isHook": false,
                  "skipped": false
                },
                {
                  "title": "should throw an error if array is not an array",
                  "fullTitle": "NumbersValidator getEvenNumbersFromArray should throw an error if array is not an array",
                  "timedOut": false,
                  "duration": 0,
                  "state": "passed",
                  "speed": "fast",
                  "pass": true,
                  "fail": false,
                  "pending": false,
                  "context": null,
                  "code": "const array = 'a';\nexpect(() => validator.getEvenNumbersFromArray(array)).to.throw(`[${array}] is not an array of \"Numbers\"`);",
                  "err": {},
                  "uuid": "78dd33c0-0f20-4bc0-b6b7-c3663afd106a",
                  "parentUUID": "1b56e9f2-3d68-43d9-8d7b-24c106919d66",
                  "isHook": false,
                  "skipped": false
                }
              ],
              "suites": [],
              "passes": [
                "851dc0a3-a2c2-4326-ba82-31a2d9140fa7",
                "268bfb6d-2555-47c4-98ef-531a81a29a55",
                "78dd33c0-0f20-4bc0-b6b7-c3663afd106a"
              ],
              "failures": [],
              "pending": [],
              "skipped": [],
              "duration": 0,
              "root": false,
              "rootEmpty": false,
              "_timeout": 2000
            },
            {
              "uuid": "9979ca49-6a1a-4521-9430-26f0cebfef23",
              "title": "isAllNumbers",
              "fullFile": "/Users/daniel_molina/Downloads/JS/playground/test/numbers_validator/isNumberEven.spec.js",
              "file": "/test/numbers_validator/isNumberEven.spec.js",
              "beforeHooks": [],
              "afterHooks": [],
              "tests": [
                {
                  "title": "should return true if all elements are numbers",
                  "fullTitle": "NumbersValidator isAllNumbers should return true if all elements are numbers",
                  "timedOut": false,
                  "duration": 0,
                  "state": "passed",
                  "speed": "fast",
                  "pass": true,
                  "fail": false,
                  "pending": false,
                  "context": null,
                  "code": "const array = [1, 2, 3, 4, 5, 6, 7, 8, 9, 10];\nexpect(validator.isAllNumbers(array)).to.be.equal(true);",
                  "err": {},
                  "uuid": "64e3a3d0-f8a4-48f1-a3db-45d8341024f0",
                  "parentUUID": "9979ca49-6a1a-4521-9430-26f0cebfef23",
                  "isHook": false,
                  "skipped": false
                },
                {
                  "title": "should return false if array contains invalid types",
                  "fullTitle": "NumbersValidator isAllNumbers should return false if array contains invalid types",
                  "timedOut": false,
                  "duration": 0,
                  "state": "passed",
                  "speed": "fast",
                  "pass": true,
                  "fail": false,
                  "pending": false,
                  "context": null,
                  "code": "const array = ['a', 2, 3, 4, 5, 6, 7, 8, 9, 10];\nexpect(validator.isAllNumbers(array)).to.be.equal(false);",
                  "err": {},
                  "uuid": "ceaf90d9-065d-4bde-8227-e2fb4dc17a54",
                  "parentUUID": "9979ca49-6a1a-4521-9430-26f0cebfef23",
                  "isHook": false,
                  "skipped": false
                },
                {
                  "title": "should throw an error if array is not an array",
                  "fullTitle": "NumbersValidator isAllNumbers should throw an error if array is not an array",
                  "timedOut": false,
                  "duration": 0,
                  "state": "passed",
                  "speed": "fast",
                  "pass": true,
                  "fail": false,
                  "pending": false,
                  "context": null,
                  "code": "const array = 'a';\nexpect(() => validator.isAllNumbers(array)).to.throw(`[${array}] is not an array`);",
                  "err": {},
                  "uuid": "48e3a825-94a5-4a6c-aa61-530fd79bb12e",
                  "parentUUID": "9979ca49-6a1a-4521-9430-26f0cebfef23",
                  "isHook": false,
                  "skipped": false
                }
              ],
              "suites": [],
              "passes": [
                "64e3a3d0-f8a4-48f1-a3db-45d8341024f0",
                "ceaf90d9-065d-4bde-8227-e2fb4dc17a54",
                "48e3a825-94a5-4a6c-aa61-530fd79bb12e"
              ],
              "failures": [],
              "pending": [],
              "skipped": [],
              "duration": 0,
              "root": false,
              "rootEmpty": false,
              "_timeout": 2000
            },
            {
              "uuid": "83077b2e-c09b-46b9-95c3-643c55f41155",
              "title": "isInteger",
              "fullFile": "/Users/daniel_molina/Downloads/JS/playground/test/numbers_validator/isNumberEven.spec.js",
              "file": "/test/numbers_validator/isNumberEven.spec.js",
              "beforeHooks": [],
              "afterHooks": [],
              "tests": [
                {
                  "title": "should return true if number is an integer",
                  "fullTitle": "NumbersValidator isInteger should return true if number is an integer",
                  "timedOut": false,
                  "duration": 0,
                  "state": "passed",
                  "speed": "fast",
                  "pass": true,
                  "fail": false,
                  "pending": false,
                  "context": null,
                  "code": "expect(validator.isInteger(4)).to.be.equal(true);",
                  "err": {},
                  "uuid": "dd52efac-d07f-4679-ae8d-e97708d2fe50",
                  "parentUUID": "83077b2e-c09b-46b9-95c3-643c55f41155",
                  "isHook": false,
                  "skipped": false
                },
                {
                  "title": "should return false if number is not an integer",
                  "fullTitle": "NumbersValidator isInteger should return false if number is not an integer",
                  "timedOut": false,
                  "duration": 0,
                  "state": "passed",
                  "speed": "fast",
                  "pass": true,
                  "fail": false,
                  "pending": false,
                  "context": null,
                  "code": "expect(validator.isInteger(4.5)).to.be.equal(false);",
                  "err": {},
                  "uuid": "f6fb4cea-70a7-4528-94b5-0063c6f6193d",
                  "parentUUID": "83077b2e-c09b-46b9-95c3-643c55f41155",
                  "isHook": false,
                  "skipped": false
                },
                {
                  "title": "should throw an error if number is not a number",
                  "fullTitle": "NumbersValidator isInteger should throw an error if number is not a number",
                  "timedOut": false,
                  "duration": 0,
                  "state": "passed",
                  "speed": "fast",
                  "pass": true,
                  "fail": false,
                  "pending": false,
                  "context": null,
                  "code": "expect(() => validator.isInteger('A')).to.throw('[A] is not a number');",
                  "err": {},
                  "uuid": "47915a39-adcf-4883-9328-8110dc888bfa",
                  "parentUUID": "83077b2e-c09b-46b9-95c3-643c55f41155",
                  "isHook": false,
                  "skipped": false
                }
              ],
              "suites": [],
              "passes": [
                "dd52efac-d07f-4679-ae8d-e97708d2fe50",
                "f6fb4cea-70a7-4528-94b5-0063c6f6193d",
                "47915a39-adcf-4883-9328-8110dc888bfa"
              ],
              "failures": [],
              "pending": [],
              "skipped": [],
              "duration": 0,
              "root": false,
              "rootEmpty": false,
              "_timeout": 2000
            }
          ],
          "passes": [],
          "failures": [],
          "pending": [],
          "skipped": [],
          "duration": 0,
          "root": false,
          "rootEmpty": false,
          "_timeout": 2000
        }
      ],
      "passes": [],
      "failures": [],
      "pending": [],
      "skipped": [],
      "duration": 0,
      "root": true,
      "rootEmpty": true,
      "_timeout": 2000
    }
  ],
  "meta": {
    "mocha": {
      "version": "11.7.5"
    },
    "mochawesome": {
      "options": {
        "quiet": false,
        "reportFilename": "mochawesome",
        "saveHtml": true,
        "saveJson": true,
        "consoleReporter": "spec",
        "useInlineDiffs": false,
        "code": true
      },
      "version": "7.1.4"
    },
    "marge": {
      "options": null,
      "version": "6.3.2"
    }
  }
}