{
  "stats": {
    "suites": 9,
    "tests": 34,
    "passes": 34,
    "pending": 0,
    "failures": 0,
    "start": "2025-12-03T12:56:10.771Z",
    "end": "2025-12-03T12:56:10.781Z",
    "duration": 10,
    "testsRegistered": 34,
    "passPercent": 100,
    "pendingPercent": 0,
    "other": 0,
    "hasOther": false,
    "skipped": 0,
    "hasSkipped": false
  },
  "results": [
    {
      "uuid": "1c540508-bcd6-4631-a4be-8aafd550cca8",
      "title": "",
      "fullFile": "",
      "file": "",
      "beforeHooks": [],
      "afterHooks": [],
      "tests": [],
      "suites": [
        {
          "uuid": "4f148608-ffaa-4872-9552-22f7bdd99a49",
          "title": "NumbersValidator",
          "fullFile": "/Users/daniel_molina/Downloads/JS/unit-testing/test/numbers_validator/isNumberEven.spec.js",
          "file": "/test/numbers_validator/isNumberEven.spec.js",
          "beforeHooks": [
            {
              "title": "\"before each\" hook in \"NumbersValidator\"",
              "fullTitle": "NumbersValidator \"before each\" hook in \"NumbersValidator\"",
              "timedOut": false,
              "duration": 0,
              "state": null,
              "speed": null,
              "pass": false,
              "fail": false,
              "pending": false,
              "context": null,
              "code": "validator = new NumbersValidator();",
              "err": {},
              "uuid": "912e405c-0c66-45a8-bff0-4c0b1aa8b809",
              "parentUUID": "4f148608-ffaa-4872-9552-22f7bdd99a49",
              "isHook": true,
              "skipped": false
            }
          ],
          "afterHooks": [
            {
              "title": "\"after each\" hook in \"NumbersValidator\"",
              "fullTitle": "NumbersValidator \"after each\" hook in \"NumbersValidator\"",
              "timedOut": false,
              "duration": 0,
              "state": null,
              "speed": null,
              "pass": false,
              "fail": false,
              "pending": false,
              "context": null,
              "code": "validator = null;",
              "err": {},
              "uuid": "2df18c12-2d2c-432c-8527-1d0644e39c0a",
              "parentUUID": "4f148608-ffaa-4872-9552-22f7bdd99a49",
              "isHook": true,
              "skipped": false
            }
          ],
          "tests": [],
          "suites": [
            {
              "uuid": "b203a1c3-2a8d-49ca-9946-be7826750a8a",
              "title": "isNumberEven",
              "fullFile": "/Users/daniel_molina/Downloads/JS/unit-testing/test/numbers_validator/isNumberEven.spec.js",
              "file": "/test/numbers_validator/isNumberEven.spec.js",
              "beforeHooks": [],
              "afterHooks": [],
              "tests": [
                {
                  "title": "should return true if number is even",
                  "fullTitle": "NumbersValidator isNumberEven should return true if number is even",
                  "timedOut": false,
                  "duration": 0,
                  "state": "passed",
                  "speed": "fast",
                  "pass": true,
                  "fail": false,
                  "pending": false,
                  "context": null,
                  "code": "expect(validator.isNumberEven(4)).to.be.equal(true);",
                  "err": {},
                  "uuid": "953a423e-a1a7-43b0-ad5e-f70085d24d3f",
                  "parentUUID": "b203a1c3-2a8d-49ca-9946-be7826750a8a",
                  "isHook": false,
                  "skipped": false
                },
                {
                  "title": "should return false if number is odd",
                  "fullTitle": "NumbersValidator isNumberEven should return false if number is odd",
                  "timedOut": false,
                  "duration": 0,
                  "state": "passed",
                  "speed": "fast",
                  "pass": true,
                  "fail": false,
                  "pending": false,
                  "context": null,
                  "code": "expect(validator.isNumberEven(5)).to.be.equal(false);",
                  "err": {},
                  "uuid": "59e17814-f5ff-468a-9672-8c66b0edc85b",
                  "parentUUID": "b203a1c3-2a8d-49ca-9946-be7826750a8a",
                  "isHook": false,
                  "skipped": false
                },
                {
                  "title": "should throw an error if number is not a number",
                  "fullTitle": "NumbersValidator isNumberEven should throw an error if number is not a number",
                  "timedOut": false,
                  "duration": 0,
                  "state": "passed",
                  "speed": "fast",
                  "pass": true,
                  "fail": false,
                  "pending": false,
                  "context": null,
                  "code": "expect(() => validator.isNumberEven(\"A\")).to.throw(\n  '[A] is not of type \"Number\" it is of type \"string\"'\n);",
                  "err": {},
                  "uuid": "d379d4c2-1429-4b9f-9f85-dc861fb0be29",
                  "parentUUID": "b203a1c3-2a8d-49ca-9946-be7826750a8a",
                  "isHook": false,
                  "skipped": false
                }
              ],
              "suites": [],
              "passes": [
                "953a423e-a1a7-43b0-ad5e-f70085d24d3f",
                "59e17814-f5ff-468a-9672-8c66b0edc85b",
                "d379d4c2-1429-4b9f-9f85-dc861fb0be29"
              ],
              "failures": [],
              "pending": [],
              "skipped": [],
              "duration": 0,
              "root": false,
              "rootEmpty": false,
              "_timeout": 60000
            },
            {
              "uuid": "640a7a2e-01d4-4616-81c7-cafcd26c9503",
              "title": "getEvenNumbersFromArray",
              "fullFile": "/Users/daniel_molina/Downloads/JS/unit-testing/test/numbers_validator/isNumberEven.spec.js",
              "file": "/test/numbers_validator/isNumberEven.spec.js",
              "beforeHooks": [],
              "afterHooks": [],
              "tests": [
                {
                  "title": "should return an array of even numbers",
                  "fullTitle": "NumbersValidator getEvenNumbersFromArray should return an array of even numbers",
                  "timedOut": false,
                  "duration": 1,
                  "state": "passed",
                  "speed": "fast",
                  "pass": true,
                  "fail": false,
                  "pending": false,
                  "context": null,
                  "code": "const array = validator.getEvenNumbersFromArray([\n  1, 2, 3, 4, 5, 6, 7, 8, 9, 10,\n]);\nexpect(array).to.be.deep.equal([2, 4, 6, 8, 10]);",
                  "err": {},
                  "uuid": "81605c00-7931-41b3-a8c0-508477c2d485",
                  "parentUUID": "640a7a2e-01d4-4616-81c7-cafcd26c9503",
                  "isHook": false,
                  "skipped": false
                },
                {
                  "title": "should throw an error if array contains invalid types",
                  "fullTitle": "NumbersValidator getEvenNumbersFromArray should throw an error if array contains invalid types",
                  "timedOut": false,
                  "duration": 0,
                  "state": "passed",
                  "speed": "fast",
                  "pass": true,
                  "fail": false,
                  "pending": false,
                  "context": null,
                  "code": "const array = [\"a\", 2, 3, 4, 5, 6, 7, 8, 9, 10];\nexpect(() => validator.getEvenNumbersFromArray(array)).to.throw(\n  `[${array}] is not an array of \"Numbers\"`\n);",
                  "err": {},
                  "uuid": "6c23b7ba-a925-4b54-b715-5f61de9c56c6",
                  "parentUUID": "640a7a2e-01d4-4616-81c7-cafcd26c9503",
                  "isHook": false,
                  "skipped": false
                },
                {
                  "title": "should throw an error if array is not an array",
                  "fullTitle": "NumbersValidator getEvenNumbersFromArray should throw an error if array is not an array",
                  "timedOut": false,
                  "duration": 0,
                  "state": "passed",
                  "speed": "fast",
                  "pass": true,
                  "fail": false,
                  "pending": false,
                  "context": null,
                  "code": "const array = \"a\";\nexpect(() => validator.getEvenNumbersFromArray(array)).to.throw(\n  `[${array}] is not an array of \"Numbers\"`\n);",
                  "err": {},
                  "uuid": "b459ceb6-76e4-417c-9a56-f5fc418232b1",
                  "parentUUID": "640a7a2e-01d4-4616-81c7-cafcd26c9503",
                  "isHook": false,
                  "skipped": false
                }
              ],
              "suites": [],
              "passes": [
                "81605c00-7931-41b3-a8c0-508477c2d485",
                "6c23b7ba-a925-4b54-b715-5f61de9c56c6",
                "b459ceb6-76e4-417c-9a56-f5fc418232b1"
              ],
              "failures": [],
              "pending": [],
              "skipped": [],
              "duration": 1,
              "root": false,
              "rootEmpty": false,
              "_timeout": 60000
            },
            {
              "uuid": "e2cc22fb-2e96-43f6-8b0c-37584c86392b",
              "title": "isAllNumbers",
              "fullFile": "/Users/daniel_molina/Downloads/JS/unit-testing/test/numbers_validator/isNumberEven.spec.js",
              "file": "/test/numbers_validator/isNumberEven.spec.js",
              "beforeHooks": [],
              "afterHooks": [],
              "tests": [
                {
                  "title": "should return true if all elements are numbers",
                  "fullTitle": "NumbersValidator isAllNumbers should return true if all elements are numbers",
                  "timedOut": false,
                  "duration": 0,
                  "state": "passed",
                  "speed": "fast",
                  "pass": true,
                  "fail": false,
                  "pending": false,
                  "context": null,
                  "code": "const array = [1, 2, 3, 4, 5, 6, 7, 8, 9, 10];\nexpect(validator.isAllNumbers(array)).to.be.equal(true);",
                  "err": {},
                  "uuid": "99895bee-b4aa-4a34-80c6-186990e44ae9",
                  "parentUUID": "e2cc22fb-2e96-43f6-8b0c-37584c86392b",
                  "isHook": false,
                  "skipped": false
                },
                {
                  "title": "should return false if array contains invalid types",
                  "fullTitle": "NumbersValidator isAllNumbers should return false if array contains invalid types",
                  "timedOut": false,
                  "duration": 0,
                  "state": "passed",
                  "speed": "fast",
                  "pass": true,
                  "fail": false,
                  "pending": false,
                  "context": null,
                  "code": "const array = [\"a\", 2, 3, 4, 5, 6, 7, 8, 9, 10];\nexpect(validator.isAllNumbers(array)).to.be.equal(false);",
                  "err": {},
                  "uuid": "7407e0f6-fdb2-4be0-a1c7-93bece3c8569",
                  "parentUUID": "e2cc22fb-2e96-43f6-8b0c-37584c86392b",
                  "isHook": false,
                  "skipped": false
                },
                {
                  "title": "should throw an error if array is not an array",
                  "fullTitle": "NumbersValidator isAllNumbers should throw an error if array is not an array",
                  "timedOut": false,
                  "duration": 0,
                  "state": "passed",
                  "speed": "fast",
                  "pass": true,
                  "fail": false,
                  "pending": false,
                  "context": null,
                  "code": "const array = \"a\";\nexpect(() => validator.isAllNumbers(array)).to.throw(\n  `[${array}] is not an array`\n);",
                  "err": {},
                  "uuid": "52337a30-adf0-4c6d-94ee-fbcae6f49e7b",
                  "parentUUID": "e2cc22fb-2e96-43f6-8b0c-37584c86392b",
                  "isHook": false,
                  "skipped": false
                }
              ],
              "suites": [],
              "passes": [
                "99895bee-b4aa-4a34-80c6-186990e44ae9",
                "7407e0f6-fdb2-4be0-a1c7-93bece3c8569",
                "52337a30-adf0-4c6d-94ee-fbcae6f49e7b"
              ],
              "failures": [],
              "pending": [],
              "skipped": [],
              "duration": 0,
              "root": false,
              "rootEmpty": false,
              "_timeout": 60000
            },
            {
              "uuid": "e8fb0af5-6182-4362-9ce2-4c68f1566e51",
              "title": "isInteger",
              "fullFile": "/Users/daniel_molina/Downloads/JS/unit-testing/test/numbers_validator/isNumberEven.spec.js",
              "file": "/test/numbers_validator/isNumberEven.spec.js",
              "beforeHooks": [],
              "afterHooks": [],
              "tests": [
                {
                  "title": "should return true if number is an integer",
                  "fullTitle": "NumbersValidator isInteger should return true if number is an integer",
                  "timedOut": false,
                  "duration": 0,
                  "state": "passed",
                  "speed": "fast",
                  "pass": true,
                  "fail": false,
                  "pending": false,
                  "context": null,
                  "code": "expect(validator.isInteger(4)).to.be.equal(true);",
                  "err": {},
                  "uuid": "5cd0e1b9-5b63-48c5-bed9-cecd75eb0d54",
                  "parentUUID": "e8fb0af5-6182-4362-9ce2-4c68f1566e51",
                  "isHook": false,
                  "skipped": false
                },
                {
                  "title": "should return false if number is not an integer",
                  "fullTitle": "NumbersValidator isInteger should return false if number is not an integer",
                  "timedOut": false,
                  "duration": 0,
                  "state": "passed",
                  "speed": "fast",
                  "pass": true,
                  "fail": false,
                  "pending": false,
                  "context": null,
                  "code": "expect(validator.isInteger(4.5)).to.be.equal(false);",
                  "err": {},
                  "uuid": "aa28559d-5cd8-4929-8ec1-ccfdd16871c3",
                  "parentUUID": "e8fb0af5-6182-4362-9ce2-4c68f1566e51",
                  "isHook": false,
                  "skipped": false
                },
                {
                  "title": "should throw an error if number is not a number",
                  "fullTitle": "NumbersValidator isInteger should throw an error if number is not a number",
                  "timedOut": false,
                  "duration": 0,
                  "state": "passed",
                  "speed": "fast",
                  "pass": true,
                  "fail": false,
                  "pending": false,
                  "context": null,
                  "code": "expect(() => validator.isInteger(\"A\")).to.throw(\"[A] is not a number\");",
                  "err": {},
                  "uuid": "14e165bc-92b1-4db0-958d-c2543e5605cf",
                  "parentUUID": "e8fb0af5-6182-4362-9ce2-4c68f1566e51",
                  "isHook": false,
                  "skipped": false
                }
              ],
              "suites": [],
              "passes": [
                "5cd0e1b9-5b63-48c5-bed9-cecd75eb0d54",
                "aa28559d-5cd8-4929-8ec1-ccfdd16871c3",
                "14e165bc-92b1-4db0-958d-c2543e5605cf"
              ],
              "failures": [],
              "pending": [],
              "skipped": [],
              "duration": 0,
              "root": false,
              "rootEmpty": false,
              "_timeout": 60000
            }
          ],
          "passes": [],
          "failures": [],
          "pending": [],
          "skipped": [],
          "duration": 0,
          "root": false,
          "rootEmpty": false,
          "_timeout": 60000
        },
        {
          "uuid": "14e1c74d-5733-40ee-87cd-8c36799daa1d",
          "title": "StringsValidator",
          "fullFile": "/Users/daniel_molina/Downloads/JS/unit-testing/test/strings_validator/stringsValidator.spec.js",
          "file": "/test/strings_validator/stringsValidator.spec.js",
          "beforeHooks": [
            {
              "title": "\"before each\" hook in \"StringsValidator\"",
              "fullTitle": "StringsValidator \"before each\" hook in \"StringsValidator\"",
              "timedOut": false,
              "duration": 0,
              "state": null,
              "speed": null,
              "pass": false,
              "fail": false,
              "pending": false,
              "context": null,
              "code": "validator = new StringsValidator();",
              "err": {},
              "uuid": "0ede7ecc-0ec5-4d81-b468-3a39ec3d3883",
              "parentUUID": "14e1c74d-5733-40ee-87cd-8c36799daa1d",
              "isHook": true,
              "skipped": false
            }
          ],
          "afterHooks": [
            {
              "title": "\"after each\" hook in \"StringsValidator\"",
              "fullTitle": "StringsValidator \"after each\" hook in \"StringsValidator\"",
              "timedOut": false,
              "duration": 0,
              "state": null,
              "speed": null,
              "pass": false,
              "fail": false,
              "pending": false,
              "context": null,
              "code": "validator = null;",
              "err": {},
              "uuid": "44b36563-a5b6-4fb2-8950-b1086f3aee48",
              "parentUUID": "14e1c74d-5733-40ee-87cd-8c36799daa1d",
              "isHook": true,
              "skipped": false
            }
          ],
          "tests": [],
          "suites": [
            {
              "uuid": "c54e9a4b-a2ef-4847-874c-7472819255e8",
              "title": "capitalize",
              "fullFile": "/Users/daniel_molina/Downloads/JS/unit-testing/test/strings_validator/stringsValidator.spec.js",
              "file": "/test/strings_validator/stringsValidator.spec.js",
              "beforeHooks": [],
              "afterHooks": [],
              "tests": [
                {
                  "title": "should throw error if null",
                  "fullTitle": "StringsValidator capitalize should throw error if null",
                  "timedOut": false,
                  "duration": 0,
                  "state": "passed",
                  "speed": "fast",
                  "pass": true,
                  "fail": false,
                  "pending": false,
                  "context": null,
                  "code": "expect(() => validator.capitalize(null)).to.throw(\n  \"Input must not be null\"\n);",
                  "err": {},
                  "uuid": "a490b187-9232-4bff-aacf-a6c9979782a5",
                  "parentUUID": "c54e9a4b-a2ef-4847-874c-7472819255e8",
                  "isHook": false,
                  "skipped": false
                },
                {
                  "title": "should throw error if not a string",
                  "fullTitle": "StringsValidator capitalize should throw error if not a string",
                  "timedOut": false,
                  "duration": 0,
                  "state": "passed",
                  "speed": "fast",
                  "pass": true,
                  "fail": false,
                  "pending": false,
                  "context": null,
                  "code": "expect(() => validator.capitalize(8)).to.throw(\"Input must be a string\");",
                  "err": {},
                  "uuid": "ee7c4765-8b7c-4497-adf9-492c163aff6b",
                  "parentUUID": "c54e9a4b-a2ef-4847-874c-7472819255e8",
                  "isHook": false,
                  "skipped": false
                },
                {
                  "title": "should throw error if empty",
                  "fullTitle": "StringsValidator capitalize should throw error if empty",
                  "timedOut": false,
                  "duration": 0,
                  "state": "passed",
                  "speed": "fast",
                  "pass": true,
                  "fail": false,
                  "pending": false,
                  "context": null,
                  "code": "expect(() => validator.capitalize(\"\")).to.throw(\n  \"Input must not be empty\"\n);",
                  "err": {},
                  "uuid": "cc4bba0f-2fb3-4f30-995f-c91038b30e9f",
                  "parentUUID": "c54e9a4b-a2ef-4847-874c-7472819255e8",
                  "isHook": false,
                  "skipped": false
                },
                {
                  "title": "should capitalize word",
                  "fullTitle": "StringsValidator capitalize should capitalize word",
                  "timedOut": false,
                  "duration": 0,
                  "state": "passed",
                  "speed": "fast",
                  "pass": true,
                  "fail": false,
                  "pending": false,
                  "context": null,
                  "code": "expect(validator.capitalize(\"adrian\")).to.equal(\"Adrian\");",
                  "err": {},
                  "uuid": "9686705e-7139-466e-a5aa-22bae4367545",
                  "parentUUID": "c54e9a4b-a2ef-4847-874c-7472819255e8",
                  "isHook": false,
                  "skipped": false
                }
              ],
              "suites": [],
              "passes": [
                "a490b187-9232-4bff-aacf-a6c9979782a5",
                "ee7c4765-8b7c-4497-adf9-492c163aff6b",
                "cc4bba0f-2fb3-4f30-995f-c91038b30e9f",
                "9686705e-7139-466e-a5aa-22bae4367545"
              ],
              "failures": [],
              "pending": [],
              "skipped": [],
              "duration": 0,
              "root": false,
              "rootEmpty": false,
              "_timeout": 60000
            },
            {
              "uuid": "42c2056b-8be2-40a7-a7c8-067ffcb73181",
              "title": "reverseWords",
              "fullFile": "/Users/daniel_molina/Downloads/JS/unit-testing/test/strings_validator/stringsValidator.spec.js",
              "file": "/test/strings_validator/stringsValidator.spec.js",
              "beforeHooks": [],
              "afterHooks": [],
              "tests": [
                {
                  "title": "should throw error if null",
                  "fullTitle": "StringsValidator reverseWords should throw error if null",
                  "timedOut": false,
                  "duration": 0,
                  "state": "passed",
                  "speed": "fast",
                  "pass": true,
                  "fail": false,
                  "pending": false,
                  "context": null,
                  "code": "expect(() => validator.reverseWords(null)).to.throw(\n  \"Input must not be null\"\n);",
                  "err": {},
                  "uuid": "48cc9a24-7ce0-4a20-8a53-824700a84705",
                  "parentUUID": "42c2056b-8be2-40a7-a7c8-067ffcb73181",
                  "isHook": false,
                  "skipped": false
                },
                {
                  "title": "should throw error if not a string",
                  "fullTitle": "StringsValidator reverseWords should throw error if not a string",
                  "timedOut": false,
                  "duration": 0,
                  "state": "passed",
                  "speed": "fast",
                  "pass": true,
                  "fail": false,
                  "pending": false,
                  "context": null,
                  "code": "expect(() => validator.reverseWords(50)).to.throw(\n  \"Input must be a string\"\n);",
                  "err": {},
                  "uuid": "68ea516a-217e-4d03-adab-acc1936733c0",
                  "parentUUID": "42c2056b-8be2-40a7-a7c8-067ffcb73181",
                  "isHook": false,
                  "skipped": false
                },
                {
                  "title": "should throw error if empty",
                  "fullTitle": "StringsValidator reverseWords should throw error if empty",
                  "timedOut": false,
                  "duration": 0,
                  "state": "passed",
                  "speed": "fast",
                  "pass": true,
                  "fail": false,
                  "pending": false,
                  "context": null,
                  "code": "expect(() => validator.reverseWords(\"\")).to.throw(\n  \"Input must not be empty\"\n);",
                  "err": {},
                  "uuid": "95d90cc3-3c1d-496d-9095-afe386371a03",
                  "parentUUID": "42c2056b-8be2-40a7-a7c8-067ffcb73181",
                  "isHook": false,
                  "skipped": false
                },
                {
                  "title": "it should throw error if only spaces",
                  "fullTitle": "StringsValidator reverseWords it should throw error if only spaces",
                  "timedOut": false,
                  "duration": 0,
                  "state": "passed",
                  "speed": "fast",
                  "pass": true,
                  "fail": false,
                  "pending": false,
                  "context": null,
                  "code": "expect(() => validator.reverseWords(\"     \")).to.throw(\n  \"Input must not be empty\"\n);",
                  "err": {},
                  "uuid": "b1287fc4-b5f8-4723-9882-e57791abccf2",
                  "parentUUID": "42c2056b-8be2-40a7-a7c8-067ffcb73181",
                  "isHook": false,
                  "skipped": false
                },
                {
                  "title": "should be the same word with no changes",
                  "fullTitle": "StringsValidator reverseWords should be the same word with no changes",
                  "timedOut": false,
                  "duration": 0,
                  "state": "passed",
                  "speed": "fast",
                  "pass": true,
                  "fail": false,
                  "pending": false,
                  "context": null,
                  "code": "expect(validator.reverseWords(\"Hola\")).to.equal(\"Hola\");",
                  "err": {},
                  "uuid": "9a81e508-f9c1-4e52-aa7a-31aaf1790372",
                  "parentUUID": "42c2056b-8be2-40a7-a7c8-067ffcb73181",
                  "isHook": false,
                  "skipped": false
                },
                {
                  "title": "should reverse sentence",
                  "fullTitle": "StringsValidator reverseWords should reverse sentence",
                  "timedOut": false,
                  "duration": 0,
                  "state": "passed",
                  "speed": "fast",
                  "pass": true,
                  "fail": false,
                  "pending": false,
                  "context": null,
                  "code": "expect(validator.reverseWords(\"Hola papa\")).to.equal(\"papa Hola\");",
                  "err": {},
                  "uuid": "cd1c6b26-87d7-4b38-8845-64af9ae3e4e5",
                  "parentUUID": "42c2056b-8be2-40a7-a7c8-067ffcb73181",
                  "isHook": false,
                  "skipped": false
                },
                {
                  "title": "should reverse sentence with special characters",
                  "fullTitle": "StringsValidator reverseWords should reverse sentence with special characters",
                  "timedOut": false,
                  "duration": 0,
                  "state": "passed",
                  "speed": "fast",
                  "pass": true,
                  "fail": false,
                  "pending": false,
                  "context": null,
                  "code": "expect(validator.reverseWords(\"C@arlos, Sergio's and myself.\")).to.equal(\n  \"myself. and Sergio's C@arlos,\"\n);",
                  "err": {},
                  "uuid": "1416ded0-53a1-4c03-897c-7fba9f545a73",
                  "parentUUID": "42c2056b-8be2-40a7-a7c8-067ffcb73181",
                  "isHook": false,
                  "skipped": false
                },
                {
                  "title": "should remove extra spaces in between and reverse sentence",
                  "fullTitle": "StringsValidator reverseWords should remove extra spaces in between and reverse sentence",
                  "timedOut": false,
                  "duration": 0,
                  "state": "passed",
                  "speed": "fast",
                  "pass": true,
                  "fail": false,
                  "pending": false,
                  "context": null,
                  "code": "expect(validator.reverseWords(\"Hola   papa\")).to.equal(\"papa Hola\");",
                  "err": {},
                  "uuid": "84bee26e-dff1-4a52-9479-fe568c012432",
                  "parentUUID": "42c2056b-8be2-40a7-a7c8-067ffcb73181",
                  "isHook": false,
                  "skipped": false
                },
                {
                  "title": "should remove leading/trailing spaces and reverse sentence",
                  "fullTitle": "StringsValidator reverseWords should remove leading/trailing spaces and reverse sentence",
                  "timedOut": false,
                  "duration": 0,
                  "state": "passed",
                  "speed": "fast",
                  "pass": true,
                  "fail": false,
                  "pending": false,
                  "context": null,
                  "code": "expect(validator.reverseWords(\"   Hola papa   \")).to.equal(\"papa Hola\");",
                  "err": {},
                  "uuid": "70d5539a-7377-405a-86cf-6b63e507b84c",
                  "parentUUID": "42c2056b-8be2-40a7-a7c8-067ffcb73181",
                  "isHook": false,
                  "skipped": false
                },
                {
                  "title": "should remove multiple spaces in between and leading/trailing spaces and reverse sentence",
                  "fullTitle": "StringsValidator reverseWords should remove multiple spaces in between and leading/trailing spaces and reverse sentence",
                  "timedOut": false,
                  "duration": 0,
                  "state": "passed",
                  "speed": "fast",
                  "pass": true,
                  "fail": false,
                  "pending": false,
                  "context": null,
                  "code": "expect(validator.reverseWords(\"   Hola   papa   \")).to.equal(\"papa Hola\");",
                  "err": {},
                  "uuid": "ecbbc999-5198-466d-afa0-bdddf8177b37",
                  "parentUUID": "42c2056b-8be2-40a7-a7c8-067ffcb73181",
                  "isHook": false,
                  "skipped": false
                }
              ],
              "suites": [
                {
                  "uuid": "234179f4-e0ad-4d83-b17f-84ed3fb959fb",
                  "title": "fizzBuzz",
                  "fullFile": "/Users/daniel_molina/Downloads/JS/unit-testing/test/strings_validator/stringsValidator.spec.js",
                  "file": "/test/strings_validator/stringsValidator.spec.js",
                  "beforeHooks": [],
                  "afterHooks": [],
                  "tests": [
                    {
                      "title": "should throw an error if null",
                      "fullTitle": "StringsValidator reverseWords fizzBuzz should throw an error if null",
                      "timedOut": false,
                      "duration": 0,
                      "state": "passed",
                      "speed": "fast",
                      "pass": true,
                      "fail": false,
                      "pending": false,
                      "context": null,
                      "code": "expect(() => validator.fizzBuzz(null)).to.throw(\n  \"Input must not be null\"\n);",
                      "err": {},
                      "uuid": "2960e241-f7b0-4675-a4ad-cb785aab12dc",
                      "parentUUID": "234179f4-e0ad-4d83-b17f-84ed3fb959fb",
                      "isHook": false,
                      "skipped": false
                    },
                    {
                      "title": "should throw an error if not a number",
                      "fullTitle": "StringsValidator reverseWords fizzBuzz should throw an error if not a number",
                      "timedOut": false,
                      "duration": 0,
                      "state": "passed",
                      "speed": "fast",
                      "pass": true,
                      "fail": false,
                      "pending": false,
                      "context": null,
                      "code": "expect(() => validator.fizzBuzz(\"Hello\")).to.throw(\n  \"Input must be a number\"\n);",
                      "err": {},
                      "uuid": "836cf2cc-e687-485a-8cbf-2148231ff9ff",
                      "parentUUID": "234179f4-e0ad-4d83-b17f-84ed3fb959fb",
                      "isHook": false,
                      "skipped": false
                    },
                    {
                      "title": "should throw error if <0",
                      "fullTitle": "StringsValidator reverseWords fizzBuzz should throw error if <0",
                      "timedOut": false,
                      "duration": 0,
                      "state": "passed",
                      "speed": "fast",
                      "pass": true,
                      "fail": false,
                      "pending": false,
                      "context": null,
                      "code": "expect(() => validator.fizzBuzz(-10)).to.throw(\n  \"Input must be a positive number\"\n);",
                      "err": {},
                      "uuid": "a418e43e-6e7e-46b5-9e95-188266847bec",
                      "parentUUID": "234179f4-e0ad-4d83-b17f-84ed3fb959fb",
                      "isHook": false,
                      "skipped": false
                    },
                    {
                      "title": "should throw error if =0",
                      "fullTitle": "StringsValidator reverseWords fizzBuzz should throw error if =0",
                      "timedOut": false,
                      "duration": 0,
                      "state": "passed",
                      "speed": "fast",
                      "pass": true,
                      "fail": false,
                      "pending": false,
                      "context": null,
                      "code": "expect(() => validator.fizzBuzz(0)).to.throw(\n  \"Input must be a positive number\"\n);",
                      "err": {},
                      "uuid": "bc5f456e-f3a4-48d2-81c6-9b9f670eb062",
                      "parentUUID": "234179f4-e0ad-4d83-b17f-84ed3fb959fb",
                      "isHook": false,
                      "skipped": false
                    },
                    {
                      "title": "should return FizzBuzz if divisible by 3 and 5",
                      "fullTitle": "StringsValidator reverseWords fizzBuzz should return FizzBuzz if divisible by 3 and 5",
                      "timedOut": false,
                      "duration": 0,
                      "state": "passed",
                      "speed": "fast",
                      "pass": true,
                      "fail": false,
                      "pending": false,
                      "context": null,
                      "code": "expect(validator.fizzBuzz(15)).to.equal(\"FizzBuzz\");",
                      "err": {},
                      "uuid": "09de7170-2dea-49b1-9d78-854958fe3bd9",
                      "parentUUID": "234179f4-e0ad-4d83-b17f-84ed3fb959fb",
                      "isHook": false,
                      "skipped": false
                    },
                    {
                      "title": "should return Fizz if divisible by 3",
                      "fullTitle": "StringsValidator reverseWords fizzBuzz should return Fizz if divisible by 3",
                      "timedOut": false,
                      "duration": 0,
                      "state": "passed",
                      "speed": "fast",
                      "pass": true,
                      "fail": false,
                      "pending": false,
                      "context": null,
                      "code": "expect(validator.fizzBuzz(3)).to.equal(\"Fizz\");",
                      "err": {},
                      "uuid": "49a7030e-5ff2-4abf-89d1-d4185fb12d85",
                      "parentUUID": "234179f4-e0ad-4d83-b17f-84ed3fb959fb",
                      "isHook": false,
                      "skipped": false
                    },
                    {
                      "title": "should return Buzz if divisible by 5",
                      "fullTitle": "StringsValidator reverseWords fizzBuzz should return Buzz if divisible by 5",
                      "timedOut": false,
                      "duration": 0,
                      "state": "passed",
                      "speed": "fast",
                      "pass": true,
                      "fail": false,
                      "pending": false,
                      "context": null,
                      "code": "expect(validator.fizzBuzz(5)).to.equal(\"Buzz\");",
                      "err": {},
                      "uuid": "07a1be1b-b1a0-4a8e-b961-a19a34ebede1",
                      "parentUUID": "234179f4-e0ad-4d83-b17f-84ed3fb959fb",
                      "isHook": false,
                      "skipped": false
                    },
                    {
                      "title": "should return number if not divisible by either 3 or 5",
                      "fullTitle": "StringsValidator reverseWords fizzBuzz should return number if not divisible by either 3 or 5",
                      "timedOut": false,
                      "duration": 0,
                      "state": "passed",
                      "speed": "fast",
                      "pass": true,
                      "fail": false,
                      "pending": false,
                      "context": null,
                      "code": "expect(validator.fizzBuzz(11)).to.equal(\"11\");",
                      "err": {},
                      "uuid": "a489626e-82e1-45b0-9a7a-77a2e3d6ab42",
                      "parentUUID": "234179f4-e0ad-4d83-b17f-84ed3fb959fb",
                      "isHook": false,
                      "skipped": false
                    }
                  ],
                  "suites": [],
                  "passes": [
                    "2960e241-f7b0-4675-a4ad-cb785aab12dc",
                    "836cf2cc-e687-485a-8cbf-2148231ff9ff",
                    "a418e43e-6e7e-46b5-9e95-188266847bec",
                    "bc5f456e-f3a4-48d2-81c6-9b9f670eb062",
                    "09de7170-2dea-49b1-9d78-854958fe3bd9",
                    "49a7030e-5ff2-4abf-89d1-d4185fb12d85",
                    "07a1be1b-b1a0-4a8e-b961-a19a34ebede1",
                    "a489626e-82e1-45b0-9a7a-77a2e3d6ab42"
                  ],
                  "failures": [],
                  "pending": [],
                  "skipped": [],
                  "duration": 0,
                  "root": false,
                  "rootEmpty": false,
                  "_timeout": 60000
                }
              ],
              "passes": [
                "48cc9a24-7ce0-4a20-8a53-824700a84705",
                "68ea516a-217e-4d03-adab-acc1936733c0",
                "95d90cc3-3c1d-496d-9095-afe386371a03",
                "b1287fc4-b5f8-4723-9882-e57791abccf2",
                "9a81e508-f9c1-4e52-aa7a-31aaf1790372",
                "cd1c6b26-87d7-4b38-8845-64af9ae3e4e5",
                "1416ded0-53a1-4c03-897c-7fba9f545a73",
                "84bee26e-dff1-4a52-9479-fe568c012432",
                "70d5539a-7377-405a-86cf-6b63e507b84c",
                "ecbbc999-5198-466d-afa0-bdddf8177b37"
              ],
              "failures": [],
              "pending": [],
              "skipped": [],
              "duration": 0,
              "root": false,
              "rootEmpty": false,
              "_timeout": 60000
            }
          ],
          "passes": [],
          "failures": [],
          "pending": [],
          "skipped": [],
          "duration": 0,
          "root": false,
          "rootEmpty": false,
          "_timeout": 60000
        }
      ],
      "passes": [],
      "failures": [],
      "pending": [],
      "skipped": [],
      "duration": 0,
      "root": true,
      "rootEmpty": true,
      "_timeout": 60000
    }
  ],
  "meta": {
    "mocha": {
      "version": "11.7.5"
    },
    "mochawesome": {
      "options": {
        "quiet": false,
        "reportFilename": "mochawesome",
        "saveHtml": true,
        "saveJson": true,
        "consoleReporter": "spec",
        "useInlineDiffs": false,
        "code": true
      },
      "version": "7.1.4"
    },
    "marge": {
      "options": null,
      "version": "6.3.2"
    }
  }
}